<?xml version="1.0" encoding="UTF-8"?>
<!-- Generated by org.testng.reporters.JUnitReportReporter -->
<testsuite hostname="SS" failures="0" tests="1" name="testPackage.TestCase1" time="87.830" errors="0" timestamp="2023-08-21T08:43:12 IST" skipped="0">
  <testcase classname="testPackage.TestCase1" name="login" time="87.830"/>
  <system-out/>
</testsuite> <!-- testPackage.TestCase1 -->
